<?xml version="1.0" encoding="UTF-8"?>
<testsuite name="TestSuite" time="17.531" tests="11" errors="0" skipped="0" failures="0">
  <properties>
    <property name="java.runtime.name" value="Java(TM) SE Runtime Environment"/>
    <property name="sun.boot.library.path" value="D:\Developments\Java\jdk\jre\bin"/>
    <property name="java.vm.version" value="25.131-b11"/>
    <property name="java.vm.vendor" value="Oracle Corporation"/>
    <property name="maven.multiModuleProjectDirectory" value="D:\lemenJava_v1"/>
    <property name="java.vendor.url" value="http://java.oracle.com/"/>
    <property name="path.separator" value=";"/>
    <property name="guice.disable.misplaced.annotation.check" value="true"/>
    <property name="java.vm.name" value="Java HotSpot(TM) 64-Bit Server VM"/>
    <property name="file.encoding.pkg" value="sun.io"/>
    <property name="user.script" value=""/>
    <property name="user.country" value="CN"/>
    <property name="sun.java.launcher" value="SUN_STANDARD"/>
    <property name="sun.os.patch.level" value=""/>
    <property name="java.vm.specification.name" value="Java Virtual Machine Specification"/>
    <property name="user.dir" value="D:\lemenJava_v1"/>
    <property name="java.runtime.version" value="1.8.0_131-b11"/>
    <property name="java.awt.graphicsenv" value="sun.awt.Win32GraphicsEnvironment"/>
    <property name="basedir" value="D:\lemenJava_v1"/>
    <property name="java.endorsed.dirs" value="D:\Developments\Java\jdk\jre\lib\endorsed"/>
    <property name="os.arch" value="amd64"/>
    <property name="java.io.tmpdir" value="C:\Users\4087\AppData\Local\Temp\"/>
    <property name="line.separator" value="&#10;"/>
    <property name="java.vm.specification.vendor" value="Oracle Corporation"/>
    <property name="user.variant" value=""/>
    <property name="os.name" value="Windows 10"/>
    <property name="classworlds.conf" value="D:\Developments\maven\apache-maven-3.6.3\bin\..\bin\m2.conf"/>
    <property name="sun.jnu.encoding" value="GBK"/>
    <property name="java.library.path" value="D:\Developments\Java\jdk\bin;C:\WINDOWS\Sun\Java\bin;C:\WINDOWS\system32;C:\WINDOWS;C:\ProgramData\Oracle\Java\javapath;C:\WINDOWS\system32;C:\WINDOWS;C:\WINDOWS\System32\Wbem;C:\WINDOWS\System32\WindowsPowerShell\v1.0\;C:\Program Files\TortoiseSVN\bin;C:\WINDOWS\System32\OpenSSH\;D:\Developments\Java\jdk\bin;D:\Developments\apache-jmeter-5.1.1\bin;D:\Developments\Ant\apache-ant-1.9.14\bin;D:\Developments\Java\jdk\JRE\bin;C:\data\server\mysql-5.6-win32\bin;C:\strawberry\c\bin;C:\strawberry\perl\bin;D:\Developments\Ant\apache-ant-1.9.14\bin;D:\Developments\maven\apache-maven-3.6.3\bin;D:\Developments\Git\Git\cmd;D:\Developments\Python\Scripts\;D:\Developments\Python\;C:\Users\4087\AppData\Local\Microsoft\WindowsApps;c:\program files\esafenet\cobra docguard client;D:\Developments\Pycharm\PyCharm 2018.3.6\bin;;&quot;D:\Developments\Java\jdk\bin;D:\Developments\Java\jdk\jre\bin;&quot;;D:\Developments\MySQL\bin;;."/>
    <property name="surefire.test.class.path" value="D:\lemenJava_v1\target\test-classes;D:\lemenJava_v1\target\classes;D:\Developments\maven\repository\junit\junit\4.12\junit-4.12.jar;D:\Developments\maven\repository\org\hamcrest\hamcrest-core\1.3\hamcrest-core-1.3.jar;D:\Developments\maven\repository\dom4j\dom4j\1.6.1\dom4j-1.6.1.jar;D:\Developments\maven\repository\log4j\log4j\1.2.17\log4j-1.2.17.jar;D:\Developments\maven\repository\mysql\mysql-connector-java\5.1.6\mysql-connector-java-5.1.6.jar;D:\Developments\maven\repository\org\testng\testng\6.8.8\testng-6.8.8.jar;D:\Developments\maven\repository\org\beanshell\bsh\2.0b4\bsh-2.0b4.jar;D:\Developments\maven\repository\com\beust\jcommander\1.27\jcommander-1.27.jar;D:\Developments\maven\repository\xml-apis\xml-apis\1.4.01\xml-apis-1.4.01.jar;D:\Developments\maven\repository\com\alibaba\druid\1.1.22\druid-1.1.22.jar;D:\Developments\maven\repository\com\mchange\mchange-commons-java\0.2.12\mchange-commons-java-0.2.12.jar;D:\Developments\maven\repository\com\mchange\c3p0\0.9.5.2\c3p0-0.9.5.2.jar;D:\Developments\maven\repository\org\apache\httpcomponents\httpclient\4.5.2\httpclient-4.5.2.jar;D:\Developments\maven\repository\org\apache\httpcomponents\httpcore\4.4.4\httpcore-4.4.4.jar;D:\Developments\maven\repository\commons-codec\commons-codec\1.9\commons-codec-1.9.jar;D:\Developments\maven\repository\org\apache\poi\poi-ooxml\3.17\poi-ooxml-3.17.jar;D:\Developments\maven\repository\org\apache\poi\poi\3.17\poi-3.17.jar;D:\Developments\maven\repository\org\apache\commons\commons-collections4\4.1\commons-collections4-4.1.jar;D:\Developments\maven\repository\org\apache\poi\poi-ooxml-schemas\3.17\poi-ooxml-schemas-3.17.jar;D:\Developments\maven\repository\org\apache\xmlbeans\xmlbeans\2.6.0\xmlbeans-2.6.0.jar;D:\Developments\maven\repository\stax\stax-api\1.0.1\stax-api-1.0.1.jar;D:\Developments\maven\repository\com\github\virtuald\curvesapi\1.04\curvesapi-1.04.jar;D:\Developments\maven\repository\com\alibaba\fastjson\1.2.62\fastjson-1.2.62.jar;D:\Developments\maven\repository\commons-beanutils\commons-beanutils\1.9.2\commons-beanutils-1.9.2.jar;D:\Developments\maven\repository\commons-collections\commons-collections\3.2.1\commons-collections-3.2.1.jar;D:\Developments\maven\repository\commons-lang\commons-lang\2.6\commons-lang-2.6.jar;D:\Developments\maven\repository\commons-logging\commons-logging\1.1.1\commons-logging-1.1.1.jar;D:\Developments\maven\repository\net\sf\ezmorph\ezmorph\1.0.6\ezmorph-1.0.6.jar;D:\Developments\maven\repository\net\sf\json-lib\json-lib\2.4\json-lib-2.4-jdk15.jar;D:\Developments\maven\repository\org\apache\maven\surefire\surefire-testng-utils\2.15\surefire-testng-utils-2.15.jar;D:\Developments\maven\repository\org\apache\maven\surefire\surefire-grouper\2.15\surefire-grouper-2.15.jar;"/>
    <property name="maven.conf" value="D:\Developments\maven\apache-maven-3.6.3\bin\../conf"/>
    <property name="java.specification.name" value="Java Platform API Specification"/>
    <property name="java.class.version" value="52.0"/>
    <property name="sun.management.compiler" value="HotSpot 64-Bit Tiered Compilers"/>
    <property name="os.version" value="10.0"/>
    <property name="library.jansi.path" value="D:\Developments\maven\apache-maven-3.6.3\bin\..\lib\jansi-native"/>
    <property name="user.home" value="C:\Users\4087"/>
    <property name="user.timezone" value="Asia/Shanghai"/>
    <property name="java.awt.printerjob" value="sun.awt.windows.WPrinterJob"/>
    <property name="java.specification.version" value="1.8"/>
    <property name="file.encoding" value="GBK"/>
    <property name="user.name" value="G004087"/>
    <property name="java.class.path" value="D:\Developments\maven\apache-maven-3.6.3\bin\..\boot\plexus-classworlds-2.6.0.jar"/>
    <property name="java.vm.specification.version" value="1.8"/>
    <property name="sun.arch.data.model" value="64"/>
    <property name="java.home" value="D:\Developments\Java\jdk\jre"/>
    <property name="sun.java.command" value="org.codehaus.plexus.classworlds.launcher.Launcher test"/>
    <property name="java.specification.vendor" value="Oracle Corporation"/>
    <property name="user.language" value="zh"/>
    <property name="awt.toolkit" value="sun.awt.windows.WToolkit"/>
    <property name="java.vm.info" value="mixed mode"/>
    <property name="java.version" value="1.8.0_131"/>
    <property name="java.ext.dirs" value="D:\Developments\Java\jdk\jre\lib\ext;C:\WINDOWS\Sun\Java\lib\ext"/>
    <property name="sun.boot.class.path" value="D:\Developments\Java\jdk\jre\lib\resources.jar;D:\Developments\Java\jdk\jre\lib\rt.jar;D:\Developments\Java\jdk\jre\lib\sunrsasign.jar;D:\Developments\Java\jdk\jre\lib\jsse.jar;D:\Developments\Java\jdk\jre\lib\jce.jar;D:\Developments\Java\jdk\jre\lib\charsets.jar;D:\Developments\Java\jdk\jre\lib\jfr.jar;D:\Developments\Java\jdk\jre\classes"/>
    <property name="sun.stderr.encoding" value="ms936"/>
    <property name="java.vendor" value="Oracle Corporation"/>
    <property name="maven.home" value="D:\Developments\maven\apache-maven-3.6.3\bin\.."/>
    <property name="localRepository" value="D:\Developments\maven\repository"/>
    <property name="file.separator" value="\"/>
    <property name="java.vendor.url.bug" value="http://bugreport.sun.com/bugreport/"/>
    <property name="sun.cpu.endian" value="little"/>
    <property name="sun.io.unicode.encoding" value="UnicodeLittle"/>
    <property name="sun.stdout.encoding" value="ms936"/>
    <property name="sun.desktop" value="windows"/>
    <property name="sun.cpu.isalist" value="amd64"/>
  </properties>
  <testcase name="test" classname="com.lemon.aip.auto.cases.login_v7" time="3.16"/>
  <testcase name="test" classname="com.lemon.aip.auto.cases.login_v7" time="1.551"/>
  <testcase name="test" classname="com.lemon.aip.auto.cases.login_v7" time="1.84"/>
  <testcase name="test" classname="com.lemon.aip.auto.cases.login_v7" time="1.219"/>
  <testcase name="test" classname="com.lemon.aip.auto.cases.login_v7" time="1.213"/>
  <testcase name="test" classname="com.lemon.aip.auto.cases.login_v7" time="1.307"/>
  <testcase name="test" classname="com.lemon.aip.auto.cases.login_v8" time="1.621"/>
  <testcase name="test" classname="com.lemon.aip.auto.cases.login_v8" time="1.316"/>
  <testcase name="test" classname="com.lemon.aip.auto.cases.login_v8" time="1.328"/>
  <testcase name="test" classname="com.lemon.aip.auto.cases.login_v8" time="1.325"/>
  <testcase name="test" classname="com.lemon.aip.auto.cases.login_v8" time="1.651"/>
</testsuite>