<?xml version="1.0" encoding="UTF-8"?>
<!-- Generated by org.testng.reporters.JUnitReportReporter -->
<testsuite hostname="jkhzlt0586-1906" name="com.lemon.aip.auto.cases.login_v8" tests="5" failures="0" timestamp="21 Jul 2020 14:32:08 GMT" time="7.240" errors="0">
  <testcase name="test" time="1.328" classname="com.lemon.aip.auto.cases.login_v8"/>
  <testcase name="test" time="1.651" classname="com.lemon.aip.auto.cases.login_v8"/>
  <testcase name="test" time="1.315" classname="com.lemon.aip.auto.cases.login_v8"/>
  <testcase name="test" time="1.621" classname="com.lemon.aip.auto.cases.login_v8"/>
  <testcase name="test" time="1.325" classname="com.lemon.aip.auto.cases.login_v8"/>
</testsuite> <!-- com.lemon.aip.auto.cases.login_v8 -->
