<?xml version="1.0" encoding="UTF-8"?>
<!-- Generated by org.testng.reporters.JUnitReportReporter -->
<testsuite hostname="jkhzlt0586-1906" name="com.lemon.aip.auto.cases.login_v7" tests="6" failures="0" timestamp="21 Jul 2020 14:32:08 GMT" time="10.289" errors="0">
  <testcase name="test" time="1.306" classname="com.lemon.aip.auto.cases.login_v7"/>
  <testcase name="test" time="1.219" classname="com.lemon.aip.auto.cases.login_v7"/>
  <testcase name="test" time="1.551" classname="com.lemon.aip.auto.cases.login_v7"/>
  <testcase name="test" time="3.160" classname="com.lemon.aip.auto.cases.login_v7"/>
  <testcase name="test" time="1.213" classname="com.lemon.aip.auto.cases.login_v7"/>
  <testcase name="test" time="1.840" classname="com.lemon.aip.auto.cases.login_v7"/>
</testsuite> <!-- com.lemon.aip.auto.cases.login_v7 -->
