<?xml version="1.0" encoding="UTF-8"?>
<!-- Generated by org.testng.reporters.JUnitReportReporter -->
<testsuite hostname="jkhzlt0586-1906" name="com.lemon.aip.auto.cases.login_v9" tests="1" failures="0" timestamp="21 Jul 2020 14:30:28 GMT" time="1.426" errors="0">
  <testcase name="test" time="1.426" classname="com.lemon.aip.auto.cases.login_v9"/>
</testsuite> <!-- com.lemon.aip.auto.cases.login_v9 -->
